+0800
210 Number of sources = 1
MS Name/IP address         Stratum Poll Reach LastRx Last sample
===============================================================================
^? controller01                 10   6     1     0   +5096s[ +5096s] +/-   81us
+0800
210 Number of sources = 1
MS Name/IP address         Stratum Poll Reach LastRx Last sample
===============================================================================
^? controller01                 10   6     1     0   -403ms[ -403ms] +/-   63us
+0800
210 Number of sources = 1
MS Name/IP address         Stratum Poll Reach LastRx Last sample
===============================================================================
^? controller01                 10   6     1     0  +5665ms[+5665ms] +/-   85us
+0800
210 Number of sources = 1
MS Name/IP address         Stratum Poll Reach LastRx Last sample
===============================================================================
^? controller01                 10   6     1     0  -1722ms[-1722ms] +/-   83us
+0800
210 Number of sources = 1
MS Name/IP address         Stratum Poll Reach LastRx Last sample
===============================================================================
^? controller01                 10   6     1     0  -1060ms[-1060ms] +/-   85us
+0800
210 Number of sources = 1
MS Name/IP address         Stratum Poll Reach LastRx Last sample
===============================================================================
^? controller01                 10   6     1     0    +41us[  +41us] +/-   58us
+0800
210 Number of sources = 1
MS Name/IP address         Stratum Poll Reach LastRx Last sample
===============================================================================
^? controller01                 10   6     1     0    +44us[  +44us] +/-   69us
+0800
210 Number of sources = 1
MS Name/IP address         Stratum Poll Reach LastRx Last sample
===============================================================================
^? controller01                 10   6     1     0    +27us[  +27us] +/-   55us
+0800
210 Number of sources = 0
MS Name/IP address         Stratum Poll Reach LastRx Last sample
===============================================================================
+0800
210 Number of sources = 1
MS Name/IP address         Stratum Poll Reach LastRx Last sample
===============================================================================
^? controller01                 10   6     1     0    +17us[  +17us] +/-   62us
+0800
210 Number of sources = 1
MS Name/IP address         Stratum Poll Reach LastRx Last sample
===============================================================================
^? controller01                 10   6     1     0    +34us[  +34us] +/-   54us
