+0800
210 Number of sources = 1
MS Name/IP address         Stratum Poll Reach LastRx Last sample
===============================================================================
^? controller01                  3   6     1     0  +1862us[+1862us] +/-  242ms
+0800
210 Number of sources = 1
MS Name/IP address         Stratum Poll Reach LastRx Last sample
===============================================================================
^? controller01                  3   6     1     0  +2969us[+2969us] +/-  242ms
+0800
210 Number of sources = 1
MS Name/IP address         Stratum Poll Reach LastRx Last sample
===============================================================================
^? controller01                  3   6     1     0  +2446us[+2446us] +/-  243ms
+0800
210 Number of sources = 2
MS Name/IP address         Stratum Poll Reach LastRx Last sample
===============================================================================
^? time4.aliyun.com              0   6     0   10y     +0ns[   +0ns] +/-    0ns
^? 2001:da8:9000::81             0   6     0   10y     +0ns[   +0ns] +/-    0ns
+0800
210 Number of sources = 1
MS Name/IP address         Stratum Poll Reach LastRx Last sample
===============================================================================
^? controller01                  0   6     0   10y     +0ns[   +0ns] +/-    0ns
+0800
210 Number of sources = 1
MS Name/IP address         Stratum Poll Reach LastRx Last sample
===============================================================================
^? controller01                  3   6     1     0   +18.6s[ +18.6s] +/-  241ms
